2019-08-16T15:24:58.186Z - info: [ui] [AppStore] loading 0 repositories from store
2019-08-16T15:24:58.222Z - info: [ui] [Welcome] no sign in step found. ignoring...
2019-08-16T15:24:58.223Z - info: [ui] [Welcome] no sign in step found. ignoring...
2019-08-16T15:24:58.224Z - info: [ui] [Welcome] no sign in step found. ignoring...
2019-08-16T15:24:58.225Z - info: [ui] [Welcome] no sign in step found. ignoring...
2019-08-16T15:24:58.226Z - info: [ui] [Welcome] no sign in step found. ignoring...
2019-08-16T15:24:58.603Z - info: [ui] [Welcome] no sign in step found. ignoring...
2019-08-16T15:24:58.620Z - info: [ui] launching: 2.1.0-linux1 (Linux 4.19.66-1-MANJARO)
2019-08-16T15:24:58.620Z - info: [ui] execPath: '/opt/github-desktop/github-desktop'
2019-08-16T15:24:58.621Z - info: [ui] [Welcome] no sign in step found. ignoring...
2019-08-16T15:24:58.638Z - info: [ui] [Welcome] no sign in step found. ignoring...
2019-08-16T15:25:04.645Z - info: [ui] [Welcome] no sign in step found. ignoring...
2019-08-16T15:25:04.729Z - info: [ui] [Welcome] advancing to step: SignInToDotCom
2019-08-16T15:25:04.732Z - info: [ui] [Welcome] current sign in state not found. ignoring...
2019-08-16T15:25:18.209Z - info: [ui] [Welcome] kind Authentication is the same as Authentication. ignoring...
2019-08-16T15:25:18.878Z - info: [ui] [Welcome] kind Authentication is the same as Authentication. ignoring...
2019-08-16T15:25:28.962Z - info: [ui] [Welcome] kind Authentication is the same as Authentication. ignoring...
2019-08-16T15:26:09.755Z - info: [ui] [Welcome] advancing to step: Start
2019-08-16T15:26:10.596Z - info: [ui] [Welcome] advancing to step: SignInToDotCom
2019-08-16T15:26:10.601Z - info: [ui] [Welcome] kind Authentication is the same as Authentication. ignoring...
2019-08-16T15:26:28.142Z - info: [ui] [Welcome] kind Authentication is the same as Authentication. ignoring...
2019-08-16T15:26:30.610Z - info: [ui] [AppStore] adding account handsomeboydy (handsomeboydy) to store
2019-08-16T15:26:30.615Z - info: [ui] [Welcome] advancing to step: ConfigureGit
2019-08-16T15:26:30.713Z - info: [ui] [Welcome] no sign in step found. ignoring...
2019-08-16T15:26:31.860Z - info: [ui] [Welcome] no sign in step found. ignoring...
2019-08-16T15:26:44.974Z - info: [ui] [Welcome] no sign in step found. ignoring...
2019-08-16T15:26:45.009Z - info: [ui] [Welcome] no sign in step found. ignoring...
2019-08-16T15:26:45.345Z - info: [ui] [Welcome] no sign in step found. ignoring...
2019-08-16T15:26:47.025Z - info: [ui] [Welcome] advancing to step: UsageOptOut
2019-08-16T15:27:14.025Z - info: [ui] [AppStore.getAccountForRemoteURL] account found for remote: https://github.com/handsomeboydy/JOJO-.git - handsomeboydy (has token)
2019-08-16T15:27:18.169Z - info: [ui] Executing clone: git -c credential.helper= -c protocol.version=2 clone --recursive --progress -- https://github.com/handsomeboydy/JOJO-.git /home/alex/Documents/GitHub/JOJO- (took 4.038s)
2019-08-16T15:27:18.174Z - info: [ui] [AppStore] adding repository at /home/alex/Documents/GitHub/JOJO- to store
2019-08-16T15:27:18.521Z - info: [ui] [BranchPruner] No branches to prune.
2019-08-16T15:27:39.673Z - info: [ui] [AppStore.withAuthenticatingUser] account found for repository: JOJO- - handsomeboydy (has token)
2019-08-16T15:27:39.801Z - info: [ui] [Timing] Action 'checkout branch from list' for 'handsomeboydy/JOJO-' took 0.124s
2019-08-16T15:28:57.965Z - error: [ui] Error reporting opt in:
TypeError: Failed to fetch
2019-08-16T15:28:58.214Z - error: [ui] Error reporting opt in:
TypeError: Failed to fetch
2019-08-16T15:32:37.606Z - info: [ui] Executing fetch: git -c credential.helper= -c protocol.version=2 fetch --progress --prune origin (took 3.682s)
