2019-08-21, 18:31:42.991 [Debug  ] [                                                         0] m_keyboardGrabbed: false
2019-08-21, 18:31:42.991 [Debug  ] [                                                         0] m_keyboardGrabbed: false
2019-08-21, 18:31:42.991 [Debug  ] [                                                         0] m_keyboardGrabbed: false
2019-08-21, 18:31:42.992 [Debug  ] [                                                         0] m_keyboardGrabbed: false
2019-08-21, 18:31:43.005 [Debug  ] [                                                         0] m_keyboardGrabbed: false
2019-08-21, 18:31:43.006 [Debug  ] [                                                         0] m_keyboardGrabbed: false
2019-08-21, 18:31:43.006 [Debug  ] [                                                         0] m_keyboardGrabbed: false
2019-08-21, 18:31:43.006 [Debug  ] [                                                         0] m_keyboardGrabbed: false
2019-08-21, 18:31:43.009 [Debug  ] [                                                         0] m_keyboardGrabbed: true
2019-08-21, 18:31:43.671 [Debug  ] [                                                         0] ConfigSettings: "common" "color_index" QVariant(int, 3)
2019-08-21, 18:31:44.197 [Debug  ] [                                                         0] ConfigSettings: "common" "default_savepath" QVariant(QString, "")
2019-08-21, 18:31:44.373 [Debug  ] [                                                         0] ConfigSettings: "arrow" "color_index" QVariant(int, 3)
2019-08-21, 18:31:44.540 [Debug  ] [                                                         0] ConfigSettings: "arrow" "arrow_linewidth_index" QVariant(int, 1)
2019-08-21, 18:31:44.707 [Debug  ] [                                                         0] ConfigSettings: "arrow" "straightline_linewidth_index" QVariant(int, 1)
2019-08-21, 18:31:44.875 [Debug  ] [                                                         0] ConfigSettings: "arrow" "is_straight" QVariant(bool, false)
2019-08-21, 18:31:45.043 [Debug  ] [                                                         0] ConfigSettings: "oval" "color_index" QVariant(int, 3)
2019-08-21, 18:31:45.234 [Debug  ] [                                                         0] ConfigSettings: "oval" "linewidth_index" QVariant(int, 1)
2019-08-21, 18:31:45.443 [Debug  ] [                                                         0] ConfigSettings: "line" "color_index" QVariant(int, 3)
2019-08-21, 18:31:45.635 [Debug  ] [                                                         0] ConfigSettings: "line" "linewidth_index" QVariant(int, 1)
2019-08-21, 18:31:45.861 [Debug  ] [                                                         0] ConfigSettings: "rectangle" "color_index" QVariant(int, 3)
2019-08-21, 18:31:46.053 [Debug  ] [                                                         0] ConfigSettings: "rectangle" "linewidth_index" QVariant(int, 1)
2019-08-21, 18:31:46.254 [Debug  ] [                                                         0] ConfigSettings: "text" "color_index" QVariant(int, 3)
2019-08-21, 18:31:46.421 [Debug  ] [                                                         0] ConfigSettings: "text" "fontsize" QVariant(int, 12)
2019-08-21, 18:31:46.588 [Debug  ] [                                                         0] ConfigSettings: "save" "save_op" QVariant(uint, 0)
2019-08-21, 18:31:46.755 [Debug  ] [                                                         0] ConfigSettings: "save" "save_quality" QVariant(int, 100)
2019-08-21, 18:31:46.947 [Debug  ] [                                                         0] ConfigSettings: "effect" "is_blur" QVariant(bool, false)
2019-08-21, 18:31:47.115 [Debug  ] [                                                         0] ConfigSettings: "effect" "is_mosaic" QVariant(bool, false)
2019-08-21, 18:31:47.115 [Debug  ] [                                                         0] Setting file: "/home/alex/.config/deepin/deepin-screenshot.conf"
2019-08-21, 18:31:47.115 [Debug  ] [                                                         0] ~~~~~~ QSize(276, 28)
2019-08-21, 18:31:47.324 [Debug  ] [                                                         0] ConfigSettings: "save" "save_quality" QVariant(int, 100)
2019-08-21, 18:31:47.327 [Warning] [                                                         0] QStackedWidget::setCurrentWidget: widget 0x0 not contained in stack
2019-08-21, 18:31:47.392 [Debug  ] [                                                         0] MainWindow mouseReleaseEvent
2019-08-21, 18:31:53.590 [Debug  ] [                                                         0] subToolBar shape: "saveList"
2019-08-21, 18:31:53.590 [Debug  ] [                                                         0] show shapesWidget
2019-08-21, 18:31:53.593 [Debug  ] [                                                         0] hoveredShape type: ""
2019-08-21, 18:32:03.257 [Debug  ] [                                                         0] ConfigSettings: "save" "save_op" QVariant(uint, 2)
2019-08-21, 18:32:03.258 [Debug  ] [                                                         0] release event !!!
2019-08-21, 18:32:03.258 [Debug  ] [                                                         0] keyboardGrabbed: true
2019-08-21, 18:32:03.258 [Debug  ] [                                                         0] ShapesWidget saveActionTriggered!
2019-08-21, 18:32:03.258 [Debug  ] [                                                         0] clear selected!!!
2019-08-21, 18:32:03.264 [Debug  ] [                                                         0] hoveredShape type: ""
2019-08-21, 18:32:03.270 [Debug  ] [                                                         0] hoveredShape type: ""
2019-08-21, 18:32:03.360 [Debug  ] [                                                         0] shotCurrentImg shotFullScreen
2019-08-21, 18:32:03.370 [Debug  ] [                                                         0] release event !!!
2019-08-21, 18:32:03.370 [Debug  ] [                                                         0] keyboardGrabbed: true
2019-08-21, 18:34:29.706 [Debug  ] [                                                         0] m_keyboardGrabbed: false
2019-08-21, 18:34:29.706 [Debug  ] [                                                         0] m_keyboardGrabbed: false
2019-08-21, 18:34:29.706 [Debug  ] [                                                         0] m_keyboardGrabbed: false
2019-08-21, 18:34:29.706 [Debug  ] [                                                         0] m_keyboardGrabbed: false
2019-08-21, 18:34:29.720 [Debug  ] [                                                         0] m_keyboardGrabbed: false
2019-08-21, 18:34:29.721 [Debug  ] [                                                         0] m_keyboardGrabbed: false
2019-08-21, 18:34:29.721 [Debug  ] [                                                         0] m_keyboardGrabbed: false
2019-08-21, 18:34:29.721 [Debug  ] [                                                         0] m_keyboardGrabbed: false
2019-08-21, 18:34:29.723 [Debug  ] [                                                         0] m_keyboardGrabbed: true
2019-08-21, 18:34:29.921 [Debug  ] [                                                         0] ConfigSettings: "effect" "is_blur" QVariant(bool, false)
2019-08-21, 18:34:30.097 [Debug  ] [                                                         0] ConfigSettings: "effect" "is_mosaic" QVariant(bool, false)
2019-08-21, 18:34:30.097 [Debug  ] [                                                         0] Setting file: "/home/alex/.config/deepin/deepin-screenshot.conf"
2019-08-21, 18:34:30.097 [Debug  ] [                                                         0] ~~~~~~ QSize(276, 28)
2019-08-21, 18:34:30.332 [Debug  ] [                                                         0] ConfigSettings: "save" "save_quality" QVariant(int, 100)
2019-08-21, 18:34:30.335 [Warning] [                                                         0] QStackedWidget::setCurrentWidget: widget 0x0 not contained in stack
2019-08-21, 18:35:02.105 [Debug  ] [                                                         0] m_keyboardGrabbed: false
2019-08-21, 18:35:02.106 [Debug  ] [                                                         0] m_keyboardGrabbed: false
2019-08-21, 18:35:02.106 [Debug  ] [                                                         0] m_keyboardGrabbed: false
2019-08-21, 18:35:02.106 [Debug  ] [                                                         0] m_keyboardGrabbed: false
2019-08-21, 18:35:02.121 [Debug  ] [                                                         0] m_keyboardGrabbed: false
2019-08-21, 18:35:02.121 [Debug  ] [                                                         0] m_keyboardGrabbed: false
2019-08-21, 18:35:02.121 [Debug  ] [                                                         0] m_keyboardGrabbed: false
2019-08-21, 18:35:02.122 [Debug  ] [                                                         0] m_keyboardGrabbed: false
2019-08-21, 18:35:02.123 [Debug  ] [                                                         0] m_keyboardGrabbed: true
2019-08-21, 18:35:02.320 [Debug  ] [                                                         0] ConfigSettings: "effect" "is_blur" QVariant(bool, false)
2019-08-21, 18:35:02.487 [Debug  ] [                                                         0] ConfigSettings: "effect" "is_mosaic" QVariant(bool, false)
2019-08-21, 18:35:02.487 [Debug  ] [                                                         0] Setting file: "/home/alex/.config/deepin/deepin-screenshot.conf"
2019-08-21, 18:35:02.487 [Debug  ] [                                                         0] ~~~~~~ QSize(276, 28)
2019-08-21, 18:35:02.696 [Debug  ] [                                                         0] ConfigSettings: "save" "save_quality" QVariant(int, 100)
2019-08-21, 18:35:02.699 [Warning] [                                                         0] QStackedWidget::setCurrentWidget: widget 0x0 not contained in stack
2019-08-21, 18:52:45.506 [Debug  ] [                                                         0] m_keyboardGrabbed: false
2019-08-21, 18:52:45.506 [Debug  ] [                                                         0] m_keyboardGrabbed: false
2019-08-21, 18:52:45.506 [Debug  ] [                                                         0] m_keyboardGrabbed: false
2019-08-21, 18:52:45.506 [Debug  ] [                                                         0] m_keyboardGrabbed: false
2019-08-21, 18:52:45.521 [Debug  ] [                                                         0] m_keyboardGrabbed: false
2019-08-21, 18:52:45.522 [Debug  ] [                                                         0] m_keyboardGrabbed: false
2019-08-21, 18:52:45.522 [Debug  ] [                                                         0] m_keyboardGrabbed: false
2019-08-21, 18:52:45.522 [Debug  ] [                                                         0] m_keyboardGrabbed: false
2019-08-21, 18:52:45.524 [Debug  ] [                                                         0] m_keyboardGrabbed: true
2019-08-21, 18:52:45.721 [Debug  ] [                                                         0] ConfigSettings: "effect" "is_blur" QVariant(bool, false)
2019-08-21, 18:52:45.888 [Debug  ] [                                                         0] ConfigSettings: "effect" "is_mosaic" QVariant(bool, false)
2019-08-21, 18:52:45.889 [Debug  ] [                                                         0] Setting file: "/home/alex/.config/deepin/deepin-screenshot.conf"
2019-08-21, 18:52:45.889 [Debug  ] [                                                         0] ~~~~~~ QSize(276, 28)
2019-08-21, 18:52:46.614 [Debug  ] [                                                         0] ConfigSettings: "save" "save_quality" QVariant(int, 100)
2019-08-21, 18:52:46.617 [Warning] [                                                         0] QStackedWidget::setCurrentWidget: widget 0x0 not contained in stack
